<?xml version="1.0" encoding="UTF-8"?>
<!-- Generated by org.testng.reporters.JUnitReportReporter -->
<testsuite hostname="zaporozhec-Ideapad-Z570" name="org.openiam.idm.srvc.file.service.FileTouchTest" tests="1" failures="0" timestamp="8 May 2013 21:10:17 GMT" time="0.537" errors="0">
  <testcase name="touchFileTest" time="0.537" classname="org.openiam.idm.srvc.file.service.FileTouchTest"/>
</testsuite> <!-- org.openiam.idm.srvc.file.service.FileTouchTest -->
