<?xml version="1.0" encoding="UTF-8"?>

<beans xmlns="http://www.springframework.org/schema/beans"
    xmlns:xsi="http://www.w3.org/2001/XMLSchema-instance"
    xmlns:context="http://www.springframework.org/schema/context"
    xsi:schemaLocation="http://www.springframework.org/schema/beans http://www.springframework.org/schema/beans/spring-beans-3.1.xsd
    					http://www.springframework.org/schema/context http://www.springframework.org/schema/context/spring-context-3.1.xsd">

	<context:annotation-config />
	<context:component-scan base-package="org.openiam.dozer.*" />

	<bean id="springContextProvider" class="org.openiam.util.SpringContextProvider" />
	
	<bean id="deepDozerMapper" class="org.dozer.DozerBeanMapper">
		<property name="mappingFiles">
			<list>
				<value>dozer-common-mapping.xml</value>
				<value>dozer-deep-mapping.xml</value>
			</list>
		</property>
	</bean>
	
	<bean id="shallowDozerMapper" class="org.dozer.DozerBeanMapper">
		<property name="mappingFiles">
			<list>
				<value>dozer-common-mapping.xml</value>
				<value>dozer-shallow-mapping.xml</value>
			</list>
		</property>
	</bean>
	
	<bean id="dto2entityShallowDozerMapper" class="org.dozer.DozerBeanMapper">
		<property name="mappingFiles">
			<list>
				<value>dto2entity/entity2dto.common.mappings.xml</value>
				<value>dto2entity/entity2dto.shallow.mappings.xml</value>
			</list>
		</property>
	</bean>
	
	<bean id="dto2entityDeepDozerMapper" class="org.dozer.DozerBeanMapper">
		<property name="mappingFiles">
			<list>
				<value>dto2entity/entity2dto.common.mappings.xml</value>
				<value>dto2entity/entity2dto.deep.mappings.xml</value>
			</list>
		</property>
	</bean>
</beans>