<?xml version="1.0" encoding="UTF-8"?>

<beans xmlns="http://www.springframework.org/schema/beans"
       xmlns:xsi="http://www.w3.org/2001/XMLSchema-instance" xmlns:jaxws="http://cxf.apache.org/jaxws"
       xmlns:context="http://www.springframework.org/schema/context" xmlns:tx="http://www.springframework.org/schema/tx"
       xmlns:http-conf="http://cxf.apache.org/transports/http/configuration"
       xsi:schemaLocation="http://www.springframework.org/schema/beans
        http://www.springframework.org/schema/beans/spring-beans-3.0.xsd
        http://www.springframework.org/schema/context
        http://www.springframework.org/schema/context/spring-context-3.0.xsd
        http://cxf.apache.org/transports/http/configuration
        http://cxf.apache.org/schemas/configuration/http-conf.xsd
        http://cxf.apache.org/jaxws http://cxf.apache.org/schemas/jaxws.xsd
        http://www.springframework.org/schema/tx
        http://www.springframework.org/schema/tx/spring-tx-3.0.xsd ">

	<context:annotation-config />
    <context:component-scan
            base-package="org.openiam.authmanager.service.integration,
					  org.openiam.authentication.integration,
					  org.openiam.provisioning,
					  org.openiam.idm.stresstest,
					  org.openiam.http.client" />

    <tx:annotation-driven transaction-manager="transactionManager" />

	<bean id="dataSource" class="org.springframework.jdbc.datasource.DriverManagerDataSource">
		<property name="driverClassName" value="${jdbc.driverClassName}" />
		<property name="url" value="${jdbc.url}" />
		<property name="username" value="${jdbc_username}" />
		<property name="password" value="${jdbc_password}" />
	</bean>

    <bean id="jdbcTemplate" class="org.springframework.jdbc.core.JdbcTemplate">
        <property name="dataSource" ref="dataSource" />
    </bean>

    <bean id="transactionManager"
          class="org.springframework.jdbc.datasource.DataSourceTransactionManager">
        <property name="dataSource" ref="dataSource" />
    </bean>

    <bean id="authorizationManagerMenuServiceClient"
          class="org.openiam.srvc.am.AuthorizationManagerMenuWebService"
          factory-bean="authorizationManagerMenuServiceFactory" factory-method="create" />


    <bean id="authorizationManagerMenuServiceFactory" class="org.apache.cxf.jaxws.JaxWsProxyFactoryBean">
        <property name="serviceClass"
                  value="org.openiam.srvc.am.AuthorizationManagerMenuWebService" />
        <property name="address"
                  value="${openiam.service_host}${openiam.idm.ws.path}AuthorizationManagerMenuWebService" />
    </bean>
    
    <bean id="restTemplate" class="org.springframework.web.client.RestTemplate">
    	<property name="messageConverters">
            <list>
                <bean class="org.springframework.http.converter.json.MappingJackson2HttpMessageConverter">
                	<property name="objectMapper">
                		<bean class="org.openiam.idm.util.CustomJacksonMapper" />
                	</property>
                </bean>
            </list>
        </property>
    </bean>

    <bean id="authorizationManagerServiceClient"
          class="org.openiam.srvc.am.AuthorizationManagerWebService"
          factory-bean="authorizationManagerServiceFactory" factory-method="create" />


    <bean id="authorizationManagerServiceFactory" class="org.apache.cxf.jaxws.JaxWsProxyFactoryBean">
        <property name="serviceClass"
                  value="org.openiam.srvc.am.AuthorizationManagerWebService" />
        <property name="address"
                  value="${openiam.service_host}${openiam.idm.ws.path}AuthorizationManagerWebService" />
    </bean>

    <bean id="userServiceClient" class="org.openiam.srvc.user.UserDataWebService"
          factory-bean="userServiceFactory" factory-method="create" />


    <bean id="userServiceFactory" class="org.apache.cxf.jaxws.JaxWsProxyFactoryBean">
        <property name="serviceClass"
                  value="org.openiam.srvc.user.UserDataWebService" />
        <property name="address"
                  value="${openiam.service_host}${openiam.idm.ws.path}UserDataService" />
    </bean>

    <bean id="roleServiceClient" class="org.openiam.srvc.am.RoleDataWebService"
          factory-bean="roleServiceFactory" factory-method="create" />


    <bean id="roleServiceFactory" class="org.apache.cxf.jaxws.JaxWsProxyFactoryBean">
        <property name="serviceClass"
                  value="org.openiam.srvc.am.RoleDataWebService" />
        <property name="address"
                  value="${openiam.service_host}${openiam.idm.ws.path}RoleDataWebService" />
    </bean>

    <bean id="groupProvisionServiceClient" class="org.openiam.srvc.idm.ObjectProvisionService"
          factory-bean="groupProvisionServiceFactory" factory-method="create" />

    <bean id="groupProvisionServiceFactory" class="org.apache.cxf.jaxws.JaxWsProxyFactoryBean">
        <property name="serviceClass"
                  value="org.openiam.srvc.idm.ObjectProvisionService" />
        <property name="address"
                  value="${openiam.service_host}${openiam.idm.ws.path}GroupProvisionService" />
    </bean>

    <bean id="resourceServiceClient" class="org.openiam.srvc.am.ResourceDataService"
          factory-bean="resourceServiceFactory" factory-method="create" />

    <bean id="resourceServiceFactory" class="org.apache.cxf.jaxws.JaxWsProxyFactoryBean">
        <property name="serviceClass"
                  value="org.openiam.srvc.am.ResourceDataService" />
        <property name="address"
                  value="${openiam.service_host}${openiam.idm.ws.path}ResourceDataWebService" />
    </bean>


    <bean id="loginServiceClient" class="org.openiam.srvc.user.LoginDataWebService"
          factory-bean="loginServiceFactory" factory-method="create" />


    <bean id="loginServiceFactory" class="org.apache.cxf.jaxws.JaxWsProxyFactoryBean">
        <property name="serviceClass"
                  value="org.openiam.srvc.user.LoginDataWebService" />
        <property name="address"
                  value="${openiam.service_host}${openiam.idm.ws.path}LoginDataWebService" />
    </bean>

    <bean id="authorizationManagerHessianClient"
          class="org.openiam.authmanager.AuthorizationManagerHessianClient"
          init-method="init">
        <property name="url"
                  value="${openiam.service_host}openiam-esb/iamauthmgr" />
        <property name="timingEnabled" value="false" />
    </bean>

    <bean id="authServiceClient" class="org.openiam.srvc.am.AuthenticationService"
          factory-bean="authServiceFactory" factory-method="create" lazy-init="false" />


    <bean id="authServiceFactory" class="org.apache.cxf.jaxws.JaxWsProxyFactoryBean">
        <property name="serviceClass"
                  value="org.openiam.srvc.am.AuthenticationService" />
        <property name="address"
                  value="${openiam.service_host}${openiam.connector.ws.path}AuthenticationService" />
    </bean>

    <bean id="passwordServiceClient" class="org.openiam.srvc.user.PasswordWebService"
          factory-bean="passwordServiceFactory" factory-method="create" />


    <bean id="passwordServiceFactory" class="org.apache.cxf.jaxws.JaxWsProxyFactoryBean">
        <property name="serviceClass"
                  value="org.openiam.srvc.user.PasswordWebService" />
        <property name="address"
                  value="${openiam.service_host}${openiam.idm.ws.path}PasswordWebService" />
    </bean>

    <bean id="metadataTemplateServiceClient"
          class="org.openiam.srvc.common.MetadataElementTemplateWebService"
          factory-bean="metadataTemplateServiceClientFactory" factory-method="create" />

    <bean id="metadataTemplateServiceClientFactory" class="org.apache.cxf.jaxws.JaxWsProxyFactoryBean">
        <property name="serviceClass"
                  value="org.openiam.srvc.common.MetadataElementTemplateWebService" />
        <property name="address"
                  value="${openiam.service_host}${openiam.idm.ws.path}MetadataElementTemplateWebService" />
    </bean>

    <bean id="languageServiceClient" class="org.openiam.srvc.common.LanguageWebService"
          factory-bean="languageServiceClientFactory" factory-method="create" />

    <bean id="languageServiceClientFactory" class="org.apache.cxf.jaxws.JaxWsProxyFactoryBean">
        <property name="serviceClass"
                  value="org.openiam.srvc.common.LanguageWebService" />
        <property name="address"
                  value="${openiam.service_host}${openiam.idm.ws.path}LanguageWebService" />
    </bean>

    <bean id="contentProviderServiceClient" class="org.openiam.srvc.am.ContentProviderWebService"
          factory-bean="contentProviderServiceFactory" factory-method="create" />


    <bean id="contentProviderServiceFactory" class="org.apache.cxf.jaxws.JaxWsProxyFactoryBean">
        <property name="serviceClass"
                  value="org.openiam.srvc.am.ContentProviderWebService" />
        <property name="address"
                  value="${openiam.service_host}${openiam.idm.ws.path}ContentProviderWebService" />
    </bean>

    <bean id="fileWebService" class="org.openiam.srvc.common.FileWebService"
          factory-bean="fileWebServiceFactory" factory-method="create" />
    <bean id="fileWebServiceFactory" class="org.apache.cxf.jaxws.JaxWsProxyFactoryBean">
        <property name="serviceClass" value="org.openiam.srvc.common.FileWebService" />
        <property name="address"
                  value="${openiam.service_host}${openiam.idm.ws.path}FileWebService" />
    </bean>
    <bean id="csvConnector" class="org.openiam.srvc.idm.ConnectorService"
          factory-bean="csvConnectorFactory" factory-method="create" />
    <bean id="csvConnectorFactory" class="org.apache.cxf.jaxws.JaxWsProxyFactoryBean">
        <property name="serviceClass" value="org.openiam.srvc.idm.ConnectorService" />
        <property name="address"
                  value="${openiam.service_host}${openiam.idm.ws.path}CSVConnectorService" />
    </bean>

    <!-- Audit Service -->
    <bean id="auditServiceClient" class="org.openiam.srvc.audit.IdmAuditLogWebDataService"
          factory-bean="auditServiceFactory" factory-method="create" />


    <bean id="auditServiceFactory" class="org.apache.cxf.jaxws.JaxWsProxyFactoryBean">
        <property name="serviceClass"
                  value="org.openiam.srvc.audit.IdmAuditLogWebDataService" />
        <property name="address"
                  value="${openiam.service_host}${openiam.idm.ws.path}AuditService" />
    </bean>

    <bean id="policyServiceClient" class="org.openiam.srvc.common.PolicyDataService"
          factory-bean="policyServiceClientFactory" factory-method="create" />

    <bean id="policyServiceClientFactory" class="org.apache.cxf.jaxws.JaxWsProxyFactoryBean">
        <property name="serviceClass" value="org.openiam.srvc.common.PolicyDataService" />
        <property name="address" value="${openiam.service_host}${openiam.idm.ws.path}PolicyWebService" />
    </bean>

    <!-- Organization Service -->
    <bean id="organizationServiceClient" class="org.openiam.srvc.am.OrganizationDataService"
          factory-bean="organizatinoServiceClientFactory" factory-method="create" />

    <bean id="organizatinoServiceClientFactory" class="org.apache.cxf.jaxws.JaxWsProxyFactoryBean">
        <property name="serviceClass" value="org.openiam.srvc.am.OrganizationDataService" />
        <property name="address" value="${openiam.service_host}${openiam.idm.ws.path}OrganizationDataService" />
    </bean>

    <bean id="organizationTypeClient" class="org.openiam.srvc.am.OrganizationTypeDataService"
          factory-bean="organizationTypeClientFactory" factory-method="create" />

    <bean id="organizationTypeClientFactory" class="org.apache.cxf.jaxws.JaxWsProxyFactoryBean">
        <property name="serviceClass" value="org.openiam.srvc.am.OrganizationTypeDataService" />
        <property name="address" value="${openiam.service_host}${openiam.idm.ws.path}OrganizationTypeDataService" />
    </bean>

    <bean id="challengeResponseServiceClient"
          class="org.openiam.srvc.user.ChallengeResponseWebService"
          factory-bean="challengeResponseServiceFactory" factory-method="create" />


    <bean id="challengeResponseServiceFactory" class="org.apache.cxf.jaxws.JaxWsProxyFactoryBean">
        <property name="serviceClass"
                  value="org.openiam.srvc.user.ChallengeResponseWebService" />
        <property name="address"
                  value="${openiam.service_host}${openiam.idm.ws.path}ChallengeResponseWebService" />
    </bean>

    <bean id="batchServiceClient" class="org.openiam.srvc.batch.BatchDataService"
          factory-bean="batchServiceClientFactory" factory-method="create" />

    <bean id="batchServiceClientFactory" class="org.apache.cxf.jaxws.JaxWsProxyFactoryBean">
        <property name="serviceClass"
                  value="org.openiam.srvc.batch.BatchDataService" />
        <property name="address"
                  value="${openiam.service_host}${openiam.idm.ws.path}BatchDataWebService" />
    </bean>

    <bean id="uiThemeClient" class="org.openiam.srvc.common.UIThemeWebService"
          factory-bean="uiThemeClientFactory" factory-method="create" />

    <bean id="uiThemeClientFactory" class="org.apache.cxf.jaxws.JaxWsProxyFactoryBean">
        <property name="serviceClass" value="org.openiam.srvc.common.UIThemeWebService" />
        <property name="address" value="${openiam.service_host}${openiam.idm.ws.path}UIThemeWebService" />
    </bean>

    <bean id="authAttributeServiceClient" class="org.openiam.srvc.am.AuthResourceAttributeWebService"
          factory-bean="authAttributeServiceFactory" factory-method="create" />


    <bean id="authAttributeServiceFactory" class="org.apache.cxf.jaxws.JaxWsProxyFactoryBean">
        <property name="serviceClass"
                  value="org.openiam.srvc.am.AuthResourceAttributeWebService" />
        <property name="address"
                  value="${openiam.service_host}${openiam.idm.ws.path}AuthResourceAttributeWebService" />
    </bean>

    <bean id="authProviderServiceClient" class="org.openiam.srvc.am.AuthProviderWebService"
          factory-bean="authProviderServiceFactory" factory-method="create" />


    <bean id="authProviderServiceFactory" class="org.apache.cxf.jaxws.JaxWsProxyFactoryBean">
        <property name="serviceClass"
                  value="org.openiam.srvc.am.AuthProviderWebService" />
        <property name="address"
                  value="${openiam.service_host}${openiam.idm.ws.path}AuthProviderWebService" />
    </bean>

    <bean id="oauthServiceClient" class="org.openiam.srvc.am.OAuthWebService"
          factory-bean="oauthServiceFactory" factory-method="create" />


    <bean id="oauthServiceFactory" class="org.apache.cxf.jaxws.JaxWsProxyFactoryBean">
        <property name="serviceClass"
                  value="org.openiam.srvc.am.OAuthWebService" />
        <property name="address"
                  value="${openiam.service_host}${openiam.idm.ws.path}OAuthWebService" />
    </bean>

    <jaxws:client id="uriFederationServiceClient"
                  serviceClass="org.openiam.srvc.am.URIFederationWebService"
                  address="${openiam.service_host}${openiam.idm.ws.path}URIFederationWebService" />

    <jaxws:client id="activitiClient"
                  serviceClass="org.openiam.srvc.activiti.ActivitiService"
                  address="${openiam.service_host}${openiam.idm.ws.path}ActivitiService" />

    <jaxws:client id="provisionServiceClient"
                  serviceClass="org.openiam.srvc.idm.ProvisionService"
                  address="${openiam.service_host}${openiam.connector.ws.path}ProvisioningService" />

    <jaxws:client id="propertyValuerServiceClient"
                  serviceClass="org.openiam.srvc.common.PropertyValueWebService"
                  address="${openiam.service_host}${openiam.connector.ws.path}PropertyValueWebService" />

    <jaxws:client id="accessRightServiceClient"
                  serviceClass="org.openiam.srvc.am.AccessRightDataService"
                  address="${openiam.service_host}${openiam.connector.ws.path}AccessRightDataService" />

    <jaxws:client id="reconciliationServiceClient"
                  serviceClass="org.openiam.srvc.idm.ReconciliationWebService"
                  address="${openiam.service_host}${openiam.connector.ws.path}ReconciliationWebService" />

    <jaxws:client id="managedSysServiceClient"
                  serviceClass="org.openiam.srvc.idm.ManagedSystemWebService"
                  address="${openiam.service_host}${openiam.connector.ws.path}ManagedSystemWebService" />

    <jaxws:client id="provisionConnectorWebServiceClient"
                  serviceClass="org.openiam.srvc.idm.ProvisionConnectorWebService"
                  address="${openiam.service_host}${openiam.connector.ws.path}ConnectorWebService" />

    <jaxws:client id="metadataServiceClient"
                  serviceClass="org.openiam.srvc.common.MetadataWebService"
                  address="${openiam.service_host}${openiam.idm.ws.path}MetadataWebService" />

    <jaxws:client id="identityServiceClient"
                  serviceClass="org.openiam.srvc.idm.IdentityWebService"
                  address="${openiam.service_host}${openiam.idm.ws.path}IdentityWebService" />

    <jaxws:client id="groupServiceClient"
                  serviceClass="org.openiam.srvc.am.GroupDataWebService"
                  address="${openiam.service_host}${openiam.idm.ws.path}GroupDataWebService" />

    <jaxws:client id="sourceAdapterClient"
                  serviceClass="org.openiam.provision.service.SourceAdapter"
                  address="${openiam.service_host}/openiam-esb/source/SourceAdapterService" />

	 <jaxws:client id="authManagerAdminClient"
                  serviceClass="org.openiam.srvc.am.AuthorizationManagerAdminWebService"
                  address="${openiam.service_host}${openiam.idm.ws.path}AuthorizationManagerAdminWebService" />
                  
	<jaxws:client id="elasticSearchServiceClient"
                  serviceClass="org.openiam.srvc.search.ElasticSearchWebService"
                  address="${openiam.service_host}${openiam.idm.ws.path}ElasticSearchWebService" />
                  
    <jaxws:client id="connectorServiceClient"
                  serviceClass="org.openiam.srvc.idm.ProvisionConnectorWebService"
                  address="${openiam.service_host}${openiam.idm.ws.path}ConnectorWebService" />

    <jaxws:client id="syncServiceClient"
                  serviceClass="org.openiam.srvc.idm.IdentitySynchWebService"
                  address="${openiam.service_host}${openiam.idm.ws.path}IdentitySynchWebService" />

</beans>